Mon May 28 2018 17:20:06 GMT-0700 (PDT): GET /
Mon May 28 2018 17:20:06 GMT-0700 (PDT): GET /css/style.css
Mon May 28 2018 17:20:06 GMT-0700 (PDT): GET /js/index-script.js
Mon May 28 2018 17:20:06 GMT-0700 (PDT): GET /css/images/return.png
Mon May 28 2018 17:20:09 GMT-0700 (PDT): GET /
Mon May 28 2018 17:20:09 GMT-0700 (PDT): GET /css/style.css
Mon May 28 2018 17:20:09 GMT-0700 (PDT): GET /css/images/return.png
Mon May 28 2018 17:20:09 GMT-0700 (PDT): GET /js/index-script.js
Mon May 28 2018 17:20:49 GMT-0700 (PDT): GET /
Mon May 28 2018 17:20:49 GMT-0700 (PDT): GET /css/style.css
Mon May 28 2018 17:20:49 GMT-0700 (PDT): GET /js/index-script.js
Mon May 28 2018 17:20:49 GMT-0700 (PDT): GET /css/images/return.png
Mon May 28 2018 17:23:07 GMT-0700 (PDT): GET /?name=
Mon May 28 2018 17:23:07 GMT-0700 (PDT): GET /css/style.css
Mon May 28 2018 17:23:07 GMT-0700 (PDT): GET /js/index-script.js
Mon May 28 2018 17:23:07 GMT-0700 (PDT): GET /css/images/return.png
Mon May 28 2018 17:23:10 GMT-0700 (PDT): GET /?name=
Mon May 28 2018 17:23:10 GMT-0700 (PDT): GET /css/style.css
Mon May 28 2018 17:23:10 GMT-0700 (PDT): GET /js/index-script.js
Mon May 28 2018 17:23:10 GMT-0700 (PDT): GET /css/images/return.png
Mon May 28 2018 17:23:17 GMT-0700 (PDT): GET /
Mon May 28 2018 17:23:17 GMT-0700 (PDT): GET /css/style.css
Mon May 28 2018 17:23:17 GMT-0700 (PDT): GET /css/images/return.png
Mon May 28 2018 17:23:17 GMT-0700 (PDT): GET /js/index-script.js
Mon May 28 2018 17:24:47 GMT-0700 (PDT): GET /
Mon May 28 2018 17:24:47 GMT-0700 (PDT): GET /css/style.css
Mon May 28 2018 17:24:47 GMT-0700 (PDT): GET /js/index-script.js
Mon May 28 2018 17:24:47 GMT-0700 (PDT): GET /css/images/return.png
Mon May 28 2018 17:25:03 GMT-0700 (PDT): GET /
Mon May 28 2018 17:25:03 GMT-0700 (PDT): GET /css/style.css
Mon May 28 2018 17:25:03 GMT-0700 (PDT): GET /js/index-script.js
Mon May 28 2018 17:25:03 GMT-0700 (PDT): GET /css/images/return.png
Mon May 28 2018 17:25:08 GMT-0700 (PDT): GET /?name=
Mon May 28 2018 17:25:08 GMT-0700 (PDT): GET /css/style.css
Mon May 28 2018 17:25:08 GMT-0700 (PDT): GET /js/index-script.js
Mon May 28 2018 17:25:08 GMT-0700 (PDT): GET /css/images/return.png
Mon May 28 2018 17:25:35 GMT-0700 (PDT): GET /?name=
Mon May 28 2018 17:25:35 GMT-0700 (PDT): GET /css/style.css
Mon May 28 2018 17:25:35 GMT-0700 (PDT): GET /js/index-script.js
Mon May 28 2018 17:25:35 GMT-0700 (PDT): GET /css/images/return.png
Mon May 28 2018 17:28:01 GMT-0700 (PDT): GET /?name=
Mon May 28 2018 17:28:01 GMT-0700 (PDT): GET /css/style.css
Mon May 28 2018 17:28:01 GMT-0700 (PDT): GET /js/index-script.js
Mon May 28 2018 17:28:01 GMT-0700 (PDT): GET /css/images/return.png
Mon May 28 2018 17:28:08 GMT-0700 (PDT): GET /
Mon May 28 2018 17:28:08 GMT-0700 (PDT): GET /css/style.css
Mon May 28 2018 17:28:08 GMT-0700 (PDT): GET /js/index-script.js
Mon May 28 2018 17:28:08 GMT-0700 (PDT): GET /css/images/return.png
Mon May 28 2018 17:29:14 GMT-0700 (PDT): GET /
Mon May 28 2018 17:29:14 GMT-0700 (PDT): GET /css/style.css
Mon May 28 2018 17:29:14 GMT-0700 (PDT): GET /js/index-script.js
Mon May 28 2018 17:29:14 GMT-0700 (PDT): GET /css/images/return.png
Mon May 28 2018 17:33:39 GMT-0700 (PDT): GET /
Mon May 28 2018 17:33:39 GMT-0700 (PDT): GET /css/style.css
Mon May 28 2018 17:33:39 GMT-0700 (PDT): GET /js/index-script.js
Mon May 28 2018 17:33:39 GMT-0700 (PDT): GET /css/images/return.png
Mon May 28 2018 17:35:55 GMT-0700 (PDT): GET /
Mon May 28 2018 17:35:55 GMT-0700 (PDT): GET /css/style.css
Mon May 28 2018 17:35:55 GMT-0700 (PDT): GET /js/index-script.js
Mon May 28 2018 17:35:55 GMT-0700 (PDT): GET /css/images/return.png
Mon May 28 2018 17:36:28 GMT-0700 (PDT): GET /
Mon May 28 2018 17:36:28 GMT-0700 (PDT): GET /css/style.css
Mon May 28 2018 17:36:28 GMT-0700 (PDT): GET /css/images/return.png
Mon May 28 2018 17:36:28 GMT-0700 (PDT): GET /js/index-script.js
Mon May 28 2018 17:37:56 GMT-0700 (PDT): GET /
Mon May 28 2018 17:37:56 GMT-0700 (PDT): GET /css/style.css
Mon May 28 2018 17:37:56 GMT-0700 (PDT): GET /js/index-script.js
Mon May 28 2018 17:37:56 GMT-0700 (PDT): GET /css/images/return.png
Mon May 28 2018 17:39:10 GMT-0700 (PDT): GET /
Mon May 28 2018 17:39:10 GMT-0700 (PDT): GET /css/style.css
Mon May 28 2018 17:39:10 GMT-0700 (PDT): GET /js/index-script.js
Mon May 28 2018 17:39:10 GMT-0700 (PDT): GET /css/images/return.png
Mon May 28 2018 17:55:23 GMT-0700 (PDT): GET /
Mon May 28 2018 17:55:23 GMT-0700 (PDT): GET /css/style.css
Mon May 28 2018 17:55:23 GMT-0700 (PDT): GET /js/index-script.js
Mon May 28 2018 17:55:23 GMT-0700 (PDT): GET /css/images/return.png
Mon May 28 2018 18:10:01 GMT-0700 (PDT): GET /
Mon May 28 2018 18:10:01 GMT-0700 (PDT): GET /css/style.css
Mon May 28 2018 18:10:01 GMT-0700 (PDT): GET /js/index-script.js
Mon May 28 2018 18:10:01 GMT-0700 (PDT): GET /css/images/return.png
Mon May 28 2018 18:10:41 GMT-0700 (PDT): GET /
Mon May 28 2018 18:10:41 GMT-0700 (PDT): GET /css/style.css
Mon May 28 2018 18:10:41 GMT-0700 (PDT): GET /js/index-script.js
Mon May 28 2018 18:10:41 GMT-0700 (PDT): GET /css/images/return.png
Mon May 28 2018 21:37:01 GMT-0700 (PDT): GET /
Mon May 28 2018 21:37:01 GMT-0700 (PDT): GET /css/style.css
Mon May 28 2018 21:37:01 GMT-0700 (PDT): GET /js/index-script.js
Mon May 28 2018 21:37:01 GMT-0700 (PDT): GET /css/images/return.png
Mon May 28 2018 22:38:10 GMT-0700 (PDT): GET /www.google.com
Mon May 28 2018 22:38:10 GMT-0700 (PDT): GET /favicon.ico
Mon May 28 2018 23:13:55 GMT-0700 (PDT): GET /Arzwz-mm3MaRth_rAAAE97kFjmKEtVjSDjcdAAAD
Mon May 28 2018 23:13:55 GMT-0700 (PDT): GET /Arzwz-mm3MaRth_rAAAE97kFjmKEtVjSDjcdAAAD
Mon May 28 2018 23:14:30 GMT-0700 (PDT): GET /Arzwz-mm3MaRth_rAAAE97kFjmKEtVjSDjcdAAAD
Mon May 28 2018 23:14:52 GMT-0700 (PDT): GET /othello.html/?id=AGpaDiKRzffEFhm-AAAAPeg23EwH7-XdkASNAAAB
Mon May 28 2018 23:14:52 GMT-0700 (PDT): GET /othello.html/?id=AGpaDiKRzffEFhm-AAAAPeg23EwH7-XdkASNAAAB
Tue May 29 2018 17:47:52 GMT-0700 (PDT): GET /othello.html2?numPlayers=2&id=EiodsYFvSRQFn091AAAG
Tue May 29 2018 17:50:28 GMT-0700 (PDT): GET /css/img/emoji.png
Tue May 29 2018 18:00:50 GMT-0700 (PDT): GET /othello.htm2l?numPlayers=1
